{"/Users/zhuli/Front-End-Demo/src/App.js": {"path":"/Users/zhuli/Front-End-Demo/src/App.js","statementMap":{"0":{"start":{"line":31,"column":17},"end":{"line":31,"column":30}},"1":{"start":{"line":32,"column":20},"end":{"line":32,"column":37}},"2":{"start":{"line":33,"column":18},"end":{"line":33,"column":30}},"3":{"start":{"line":34,"column":19},"end":{"line":34,"column":32}},"4":{"start":{"line":35,"column":28},"end":{"line":35,"column":40}},"5":{"start":{"line":36,"column":34},"end":{"line":36,"column":49}},"6":{"start":{"line":37,"column":34},"end":{"line":37,"column":49}},"7":{"start":{"line":38,"column":24},"end":{"line":38,"column":36}},"8":{"start":{"line":39,"column":24},"end":{"line":39,"column":39}},"9":{"start":{"line":40,"column":19},"end":{"line":40,"column":45}},"10":{"start":{"line":41,"column":2},"end":{"line":41,"column":42}},"11":{"start":{"line":43,"column":23},"end":{"line":45,"column":3}},"12":{"start":{"line":44,"column":4},"end":{"line":44,"column":29}},"13":{"start":{"line":47,"column":23},"end":{"line":73,"column":3}},"14":{"start":{"line":67,"column":4},"end":{"line":71,"column":7}},"15":{"start":{"line":115,"column":2},"end":{"line":123,"column":8}},"16":{"start":{"line":116,"column":18},"end":{"line":121,"column":5}},"17":{"start":{"line":117,"column":6},"end":{"line":120,"column":7}},"18":{"start":{"line":118,"column":8},"end":{"line":118,"column":26}},"19":{"start":{"line":119,"column":8},"end":{"line":119,"column":26}},"20":{"start":{"line":122,"column":4},"end":{"line":122,"column":12}},"21":{"start":{"line":159,"column":24},"end":{"line":163,"column":3}},"22":{"start":{"line":160,"column":4},"end":{"line":162,"column":5}},"23":{"start":{"line":161,"column":6},"end":{"line":161,"column":21}},"24":{"start":{"line":169,"column":2},"end":{"line":296,"column":4}},"25":{"start":{"line":195,"column":16},"end":{"line":195,"column":34}},"26":{"start":{"line":248,"column":18},"end":{"line":248,"column":40}},"27":{"start":{"line":284,"column":10},"end":{"line":286,"column":12}}},"fnMap":{"0":{"name":"App","decl":{"start":{"line":30,"column":9},"end":{"line":30,"column":12}},"loc":{"start":{"line":30,"column":15},"end":{"line":297,"column":1}},"line":30},"1":{"name":"(anonymous_1)","decl":{"start":{"line":43,"column":23},"end":{"line":43,"column":24}},"loc":{"start":{"line":43,"column":28},"end":{"line":45,"column":3}},"line":43},"2":{"name":"(anonymous_2)","decl":{"start":{"line":47,"column":23},"end":{"line":47,"column":24}},"loc":{"start":{"line":47,"column":35},"end":{"line":73,"column":3}},"line":47},"3":{"name":"(anonymous_3)","decl":{"start":{"line":115,"column":12},"end":{"line":115,"column":13}},"loc":{"start":{"line":115,"column":18},"end":{"line":123,"column":3}},"line":115},"4":{"name":"(anonymous_4)","decl":{"start":{"line":116,"column":18},"end":{"line":116,"column":19}},"loc":{"start":{"line":116,"column":30},"end":{"line":121,"column":5}},"line":116},"5":{"name":"(anonymous_5)","decl":{"start":{"line":159,"column":24},"end":{"line":159,"column":25}},"loc":{"start":{"line":159,"column":29},"end":{"line":163,"column":3}},"line":159},"6":{"name":"(anonymous_6)","decl":{"start":{"line":194,"column":23},"end":{"line":194,"column":24}},"loc":{"start":{"line":194,"column":29},"end":{"line":196,"column":15}},"line":194},"7":{"name":"(anonymous_7)","decl":{"start":{"line":247,"column":18},"end":{"line":247,"column":19}},"loc":{"start":{"line":247,"column":24},"end":{"line":249,"column":17}},"line":247},"8":{"name":"(anonymous_8)","decl":{"start":{"line":250,"column":18},"end":{"line":250,"column":19}},"loc":{"start":{"line":250,"column":24},"end":{"line":252,"column":17}},"line":250},"9":{"name":"(anonymous_9)","decl":{"start":{"line":283,"column":45},"end":{"line":283,"column":46}},"loc":{"start":{"line":284,"column":10},"end":{"line":286,"column":12}},"line":284}},"branchMap":{"0":{"loc":{"start":{"line":117,"column":6},"end":{"line":120,"column":7}},"type":"if","locations":[{"start":{"line":117,"column":6},"end":{"line":120,"column":7}},{"start":{"line":117,"column":6},"end":{"line":120,"column":7}}],"line":117},"1":{"loc":{"start":{"line":160,"column":4},"end":{"line":162,"column":5}},"type":"if","locations":[{"start":{"line":160,"column":4},"end":{"line":162,"column":5}},{"start":{"line":160,"column":4},"end":{"line":162,"column":5}}],"line":160},"2":{"loc":{"start":{"line":171,"column":7},"end":{"line":178,"column":12}},"type":"binary-expr","locations":[{"start":{"line":171,"column":7},"end":{"line":171,"column":15}},{"start":{"line":171,"column":19},"end":{"line":178,"column":12}}],"line":171},"3":{"loc":{"start":{"line":187,"column":22},"end":{"line":187,"column":74}},"type":"cond-expr","locations":[{"start":{"line":187,"column":40},"end":{"line":187,"column":53}},{"start":{"line":187,"column":56},"end":{"line":187,"column":74}}],"line":187},"4":{"loc":{"start":{"line":189,"column":9},"end":{"line":232,"column":9}},"type":"binary-expr","locations":[{"start":{"line":189,"column":9},"end":{"line":189,"column":24}},{"start":{"line":190,"column":10},"end":{"line":231,"column":16}}],"line":189},"5":{"loc":{"start":{"line":211,"column":13},"end":{"line":230,"column":13}},"type":"binary-expr","locations":[{"start":{"line":211,"column":13},"end":{"line":211,"column":32}},{"start":{"line":212,"column":14},"end":{"line":229,"column":20}}],"line":211},"6":{"loc":{"start":{"line":234,"column":11},"end":{"line":242,"column":13}},"type":"cond-expr","locations":[{"start":{"line":235,"column":12},"end":{"line":235,"column":66}},{"start":{"line":237,"column":14},"end":{"line":241,"column":16}}],"line":234},"7":{"loc":{"start":{"line":246,"column":14},"end":{"line":252,"column":17}},"type":"cond-expr","locations":[{"start":{"line":247,"column":18},"end":{"line":249,"column":17}},{"start":{"line":250,"column":18},"end":{"line":252,"column":17}}],"line":246}},"s":{"0":99,"1":99,"2":99,"3":98,"4":98,"5":98,"6":98,"7":98,"8":98,"9":98,"10":98,"11":98,"12":33,"13":98,"14":3,"15":98,"16":21,"17":21,"18":19,"19":19,"20":21,"21":98,"22":34,"23":1,"24":98,"25":1,"26":6,"27":44},"f":{"0":99,"1":33,"2":3,"3":21,"4":21,"5":34,"6":1,"7":6,"8":1,"9":44},"b":{"0":[19,2],"1":[1,33],"2":[98,77],"3":[56,42],"4":[98,56],"5":[56,50],"6":[77,21],"7":[77,21]},"_coverageSchema":"1a1c01bbd47fc00a2c39e90264f33305004495a9","hash":"26c1828ffe66e0a1a66f9654a2739bb97ea21acc"}
,"/Users/zhuli/Front-End-Demo/src/pages/Listings/index.js": {"path":"/Users/zhuli/Front-End-Demo/src/pages/Listings/index.js","statementMap":{"0":{"start":{"line":16,"column":19},"end":{"line":16,"column":32}},"1":{"start":{"line":17,"column":18},"end":{"line":17,"column":30}},"2":{"start":{"line":18,"column":17},"end":{"line":18,"column":30}},"3":{"start":{"line":19,"column":14},"end":{"line":19,"column":31}},"4":{"start":{"line":20,"column":32},"end":{"line":20,"column":47}},"5":{"start":{"line":21,"column":28},"end":{"line":21,"column":43}},"6":{"start":{"line":22,"column":34},"end":{"line":22,"column":46}},"7":{"start":{"line":23,"column":34},"end":{"line":23,"column":48}},"8":{"start":{"line":24,"column":26},"end":{"line":24,"column":42}},"9":{"start":{"line":56,"column":2},"end":{"line":65,"column":4}}},"fnMap":{"0":{"name":"Listings","decl":{"start":{"line":15,"column":9},"end":{"line":15,"column":17}},"loc":{"start":{"line":15,"column":20},"end":{"line":66,"column":1}},"line":15}},"branchMap":{},"s":{"0":2,"1":2,"2":2,"3":2,"4":2,"5":2,"6":2,"7":2,"8":2,"9":2},"f":{"0":2},"b":{},"_coverageSchema":"1a1c01bbd47fc00a2c39e90264f33305004495a9","hash":"131a8fc917649701c53d6ad72daabfb8a4cdf7b2"}
,"/Users/zhuli/Front-End-Demo/src/pages/Orders/index.js": {"path":"/Users/zhuli/Front-End-Demo/src/pages/Orders/index.js","statementMap":{"0":{"start":{"line":16,"column":19},"end":{"line":16,"column":32}},"1":{"start":{"line":17,"column":18},"end":{"line":17,"column":30}},"2":{"start":{"line":18,"column":17},"end":{"line":18,"column":30}},"3":{"start":{"line":19,"column":14},"end":{"line":19,"column":31}},"4":{"start":{"line":20,"column":32},"end":{"line":20,"column":47}},"5":{"start":{"line":21,"column":34},"end":{"line":21,"column":46}},"6":{"start":{"line":46,"column":2},"end":{"line":55,"column":4}}},"fnMap":{"0":{"name":"Listings","decl":{"start":{"line":15,"column":9},"end":{"line":15,"column":17}},"loc":{"start":{"line":15,"column":20},"end":{"line":56,"column":1}},"line":15}},"branchMap":{},"s":{"0":1,"1":1,"2":1,"3":1,"4":1,"5":1,"6":1},"f":{"0":1},"b":{},"_coverageSchema":"1a1c01bbd47fc00a2c39e90264f33305004495a9","hash":"b81ee1af235c6e8bfb7530b0d9c0bbd971d96d15"}
,"/Users/zhuli/Front-End-Demo/src/pages/homepage/index.js": {"path":"/Users/zhuli/Front-End-Demo/src/pages/homepage/index.js","statementMap":{"0":{"start":{"line":8,"column":28},"end":{"line":8,"column":40}},"1":{"start":{"line":9,"column":18},"end":{"line":9,"column":30}},"2":{"start":{"line":10,"column":23},"end":{"line":12,"column":3}},"3":{"start":{"line":11,"column":4},"end":{"line":11,"column":29}},"4":{"start":{"line":14,"column":23},"end":{"line":48,"column":3}},"5":{"start":{"line":18,"column":4},"end":{"line":46,"column":5}},"6":{"start":{"line":39,"column":6},"end":{"line":43,"column":9}},"7":{"start":{"line":50,"column":24},"end":{"line":54,"column":3}},"8":{"start":{"line":51,"column":4},"end":{"line":53,"column":5}},"9":{"start":{"line":52,"column":6},"end":{"line":52,"column":21}},"10":{"start":{"line":56,"column":2},"end":{"line":86,"column":4}}},"fnMap":{"0":{"name":"Home","decl":{"start":{"line":7,"column":9},"end":{"line":7,"column":13}},"loc":{"start":{"line":7,"column":21},"end":{"line":87,"column":1}},"line":7},"1":{"name":"(anonymous_1)","decl":{"start":{"line":10,"column":23},"end":{"line":10,"column":24}},"loc":{"start":{"line":10,"column":28},"end":{"line":12,"column":3}},"line":10},"2":{"name":"(anonymous_2)","decl":{"start":{"line":14,"column":23},"end":{"line":14,"column":24}},"loc":{"start":{"line":14,"column":35},"end":{"line":48,"column":3}},"line":14},"3":{"name":"(anonymous_3)","decl":{"start":{"line":50,"column":24},"end":{"line":50,"column":25}},"loc":{"start":{"line":50,"column":29},"end":{"line":54,"column":3}},"line":50}},"branchMap":{"0":{"loc":{"start":{"line":51,"column":4},"end":{"line":53,"column":5}},"type":"if","locations":[{"start":{"line":51,"column":4},"end":{"line":53,"column":5}},{"start":{"line":51,"column":4},"end":{"line":53,"column":5}}],"line":51}},"s":{"0":62,"1":62,"2":62,"3":20,"4":62,"5":8,"6":8,"7":62,"8":21,"9":1,"10":62},"f":{"0":62,"1":20,"2":8,"3":21},"b":{"0":[1,20]},"_coverageSchema":"1a1c01bbd47fc00a2c39e90264f33305004495a9","hash":"a4723c1be471d47ec6e69d610e230fa9482c700b"}
,"/Users/zhuli/Front-End-Demo/src/pages/profile/index.js": {"path":"/Users/zhuli/Front-End-Demo/src/pages/profile/index.js","statementMap":{"0":{"start":{"line":7,"column":16},"end":{"line":95,"column":1}},"1":{"start":{"line":8,"column":17},"end":{"line":8,"column":30}},"2":{"start":{"line":9,"column":14},"end":{"line":9,"column":31}},"3":{"start":{"line":10,"column":18},"end":{"line":10,"column":30}},"4":{"start":{"line":11,"column":26},"end":{"line":11,"column":38}},"5":{"start":{"line":39,"column":22},"end":{"line":44,"column":3}},"6":{"start":{"line":40,"column":4},"end":{"line":43,"column":7}},"7":{"start":{"line":54,"column":6},"end":{"line":54,"column":10}},"8":{"start":{"line":55,"column":18},"end":{"line":76,"column":3}},"9":{"start":{"line":77,"column":2},"end":{"line":94,"column":4}},"10":{"start":{"line":82,"column":10},"end":{"line":85,"column":16}}},"fnMap":{"0":{"name":"(anonymous_0)","decl":{"start":{"line":7,"column":16},"end":{"line":7,"column":17}},"loc":{"start":{"line":7,"column":22},"end":{"line":95,"column":1}},"line":7},"1":{"name":"(anonymous_1)","decl":{"start":{"line":39,"column":22},"end":{"line":39,"column":23}},"loc":{"start":{"line":39,"column":28},"end":{"line":44,"column":3}},"line":39},"2":{"name":"(anonymous_2)","decl":{"start":{"line":81,"column":21},"end":{"line":81,"column":22}},"loc":{"start":{"line":82,"column":10},"end":{"line":85,"column":16}},"line":82}},"branchMap":{},"s":{"0":1,"1":2,"2":2,"3":2,"4":2,"5":2,"6":1,"7":2,"8":2,"9":2,"10":10},"f":{"0":2,"1":1,"2":10},"b":{},"_coverageSchema":"1a1c01bbd47fc00a2c39e90264f33305004495a9","hash":"d0524695dfb8dd53f9a4e3e4f4bdd3178ff97088"}
,"/Users/zhuli/Front-End-Demo/src/pages/results/index.js": {"path":"/Users/zhuli/Front-End-Demo/src/pages/results/index.js","statementMap":{"0":{"start":{"line":10,"column":19},"end":{"line":10,"column":32}},"1":{"start":{"line":11,"column":17},"end":{"line":11,"column":30}},"2":{"start":{"line":12,"column":28},"end":{"line":12,"column":40}},"3":{"start":{"line":16,"column":2},"end":{"line":18,"column":9}},"4":{"start":{"line":17,"column":4},"end":{"line":17,"column":30}},"5":{"start":{"line":22,"column":2},"end":{"line":34,"column":4}}},"fnMap":{"0":{"name":"Results","decl":{"start":{"line":9,"column":9},"end":{"line":9,"column":16}},"loc":{"start":{"line":9,"column":41},"end":{"line":35,"column":1}},"line":9},"1":{"name":"(anonymous_1)","decl":{"start":{"line":16,"column":12},"end":{"line":16,"column":13}},"loc":{"start":{"line":16,"column":18},"end":{"line":18,"column":3}},"line":16}},"branchMap":{},"s":{"0":52,"1":52,"2":52,"3":52,"4":8,"5":52},"f":{"0":52,"1":8},"b":{},"_coverageSchema":"1a1c01bbd47fc00a2c39e90264f33305004495a9","hash":"a12712ea9f6cee9f6b024d726dc2afc0fc09ec05"}
,"/Users/zhuli/Front-End-Demo/src/pages/sell/index.js": {"path":"/Users/zhuli/Front-End-Demo/src/pages/sell/index.js","statementMap":{"0":{"start":{"line":12,"column":4},"end":{"line":12,"column":17}},"1":{"start":{"line":13,"column":4},"end":{"line":19,"column":6}},"2":{"start":{"line":43,"column":17},"end":{"line":60,"column":3}},"3":{"start":{"line":59,"column":4},"end":{"line":59,"column":41}},"4":{"start":{"line":62,"column":15},"end":{"line":64,"column":3}},"5":{"start":{"line":63,"column":4},"end":{"line":63,"column":31}},"6":{"start":{"line":66,"column":20},"end":{"line":82,"column":3}},"7":{"start":{"line":67,"column":30},"end":{"line":67,"column":40}},"8":{"start":{"line":68,"column":4},"end":{"line":78,"column":5}},"9":{"start":{"line":69,"column":6},"end":{"line":69,"column":31}},"10":{"start":{"line":70,"column":6},"end":{"line":77,"column":7}},"11":{"start":{"line":72,"column":8},"end":{"line":72,"column":15}},"12":{"start":{"line":73,"column":13},"end":{"line":77,"column":7}},"13":{"start":{"line":75,"column":8},"end":{"line":75,"column":37}},"14":{"start":{"line":76,"column":8},"end":{"line":76,"column":15}},"15":{"start":{"line":79,"column":4},"end":{"line":81,"column":7}},"16":{"start":{"line":84,"column":17},"end":{"line":88,"column":3}},"17":{"start":{"line":85,"column":4},"end":{"line":87,"column":7}},"18":{"start":{"line":90,"column":13},"end":{"line":101,"column":3}},"19":{"start":{"line":91,"column":19},"end":{"line":91,"column":29}},"20":{"start":{"line":92,"column":16},"end":{"line":92,"column":18}},"21":{"start":{"line":93,"column":4},"end":{"line":99,"column":5}},"22":{"start":{"line":94,"column":6},"end":{"line":94,"column":29}},"23":{"start":{"line":95,"column":11},"end":{"line":99,"column":5}},"24":{"start":{"line":96,"column":6},"end":{"line":96,"column":29}},"25":{"start":{"line":98,"column":6},"end":{"line":98,"column":24}},"26":{"start":{"line":100,"column":4},"end":{"line":100,"column":17}},"27":{"start":{"line":103,"column":12},"end":{"line":131,"column":3}},"28":{"start":{"line":104,"column":19},"end":{"line":104,"column":29}},"29":{"start":{"line":105,"column":4},"end":{"line":130,"column":5}},"30":{"start":{"line":106,"column":6},"end":{"line":113,"column":8}},"31":{"start":{"line":114,"column":11},"end":{"line":130,"column":5}},"32":{"start":{"line":115,"column":6},"end":{"line":121,"column":8}},"33":{"start":{"line":123,"column":6},"end":{"line":129,"column":8}},"34":{"start":{"line":134,"column":4},"end":{"line":134,"column":33}},"35":{"start":{"line":135,"column":4},"end":{"line":135,"column":40}},"36":{"start":{"line":136,"column":4},"end":{"line":143,"column":6}}},"fnMap":{"0":{"name":"(anonymous_0)","decl":{"start":{"line":11,"column":2},"end":{"line":11,"column":3}},"loc":{"start":{"line":11,"column":21},"end":{"line":20,"column":3}},"line":11},"1":{"name":"(anonymous_1)","decl":{"start":{"line":43,"column":17},"end":{"line":43,"column":18}},"loc":{"start":{"line":43,"column":29},"end":{"line":60,"column":3}},"line":43},"2":{"name":"(anonymous_2)","decl":{"start":{"line":62,"column":15},"end":{"line":62,"column":16}},"loc":{"start":{"line":62,"column":21},"end":{"line":64,"column":3}},"line":62},"3":{"name":"(anonymous_3)","decl":{"start":{"line":66,"column":20},"end":{"line":66,"column":21}},"loc":{"start":{"line":66,"column":26},"end":{"line":82,"column":3}},"line":66},"4":{"name":"(anonymous_4)","decl":{"start":{"line":84,"column":17},"end":{"line":84,"column":18}},"loc":{"start":{"line":84,"column":28},"end":{"line":88,"column":3}},"line":84},"5":{"name":"(anonymous_5)","decl":{"start":{"line":90,"column":13},"end":{"line":90,"column":14}},"loc":{"start":{"line":90,"column":19},"end":{"line":101,"column":3}},"line":90},"6":{"name":"(anonymous_6)","decl":{"start":{"line":103,"column":12},"end":{"line":103,"column":13}},"loc":{"start":{"line":103,"column":18},"end":{"line":131,"column":3}},"line":103},"7":{"name":"(anonymous_7)","decl":{"start":{"line":133,"column":2},"end":{"line":133,"column":3}},"loc":{"start":{"line":133,"column":11},"end":{"line":144,"column":3}},"line":133}},"branchMap":{"0":{"loc":{"start":{"line":68,"column":4},"end":{"line":78,"column":5}},"type":"if","locations":[{"start":{"line":68,"column":4},"end":{"line":78,"column":5}},{"start":{"line":68,"column":4},"end":{"line":78,"column":5}}],"line":68},"1":{"loc":{"start":{"line":70,"column":6},"end":{"line":77,"column":7}},"type":"if","locations":[{"start":{"line":70,"column":6},"end":{"line":77,"column":7}},{"start":{"line":70,"column":6},"end":{"line":77,"column":7}}],"line":70},"2":{"loc":{"start":{"line":70,"column":10},"end":{"line":70,"column":67}},"type":"binary-expr","locations":[{"start":{"line":70,"column":10},"end":{"line":70,"column":33}},{"start":{"line":70,"column":37},"end":{"line":70,"column":67}}],"line":70},"3":{"loc":{"start":{"line":73,"column":13},"end":{"line":77,"column":7}},"type":"if","locations":[{"start":{"line":73,"column":13},"end":{"line":77,"column":7}},{"start":{"line":73,"column":13},"end":{"line":77,"column":7}}],"line":73},"4":{"loc":{"start":{"line":93,"column":4},"end":{"line":99,"column":5}},"type":"if","locations":[{"start":{"line":93,"column":4},"end":{"line":99,"column":5}},{"start":{"line":93,"column":4},"end":{"line":99,"column":5}}],"line":93},"5":{"loc":{"start":{"line":95,"column":11},"end":{"line":99,"column":5}},"type":"if","locations":[{"start":{"line":95,"column":11},"end":{"line":99,"column":5}},{"start":{"line":95,"column":11},"end":{"line":99,"column":5}}],"line":95},"6":{"loc":{"start":{"line":105,"column":4},"end":{"line":130,"column":5}},"type":"if","locations":[{"start":{"line":105,"column":4},"end":{"line":130,"column":5}},{"start":{"line":105,"column":4},"end":{"line":130,"column":5}}],"line":105},"7":{"loc":{"start":{"line":114,"column":11},"end":{"line":130,"column":5}},"type":"if","locations":[{"start":{"line":114,"column":11},"end":{"line":130,"column":5}},{"start":{"line":114,"column":11},"end":{"line":130,"column":5}}],"line":114}},"s":{"0":6,"1":6,"2":6,"3":1,"4":6,"5":1,"6":6,"7":11,"8":11,"9":5,"10":5,"11":1,"12":4,"13":1,"14":1,"15":9,"16":6,"17":5,"18":6,"19":21,"20":21,"21":21,"22":6,"23":15,"24":12,"25":3,"26":21,"27":6,"28":21,"29":21,"30":6,"31":15,"32":12,"33":3,"34":21,"35":21,"36":21},"f":{"0":6,"1":1,"2":1,"3":11,"4":5,"5":21,"6":21,"7":21},"b":{"0":[5,6],"1":[1,4],"2":[5,5],"3":[1,3],"4":[6,15],"5":[12,3],"6":[6,15],"7":[12,3]},"_coverageSchema":"1a1c01bbd47fc00a2c39e90264f33305004495a9","hash":"c611314c790434a306a47f64d036dd75788196fe"}
,"/Users/zhuli/Front-End-Demo/src/pages/sell/confirmation/index.js": {"path":"/Users/zhuli/Front-End-Demo/src/pages/sell/confirmation/index.js","statementMap":{"0":{"start":{"line":4,"column":16},"end":{"line":44,"column":1}},"1":{"start":{"line":5,"column":46},"end":{"line":5,"column":57}},"2":{"start":{"line":6,"column":18},"end":{"line":23,"column":3}},"3":{"start":{"line":24,"column":2},"end":{"line":43,"column":4}},"4":{"start":{"line":28,"column":10},"end":{"line":31,"column":16}}},"fnMap":{"0":{"name":"(anonymous_0)","decl":{"start":{"line":4,"column":16},"end":{"line":4,"column":17}},"loc":{"start":{"line":4,"column":63},"end":{"line":44,"column":1}},"line":4},"1":{"name":"(anonymous_1)","decl":{"start":{"line":27,"column":21},"end":{"line":27,"column":22}},"loc":{"start":{"line":28,"column":10},"end":{"line":31,"column":16}},"line":28}},"branchMap":{},"s":{"0":1,"1":3,"2":3,"3":3,"4":12},"f":{"0":3,"1":12},"b":{},"_coverageSchema":"1a1c01bbd47fc00a2c39e90264f33305004495a9","hash":"e53a388b0c3db630401cfd0861bd2b702ed7369c"}
,"/Users/zhuli/Front-End-Demo/src/pages/sell/form/index.js": {"path":"/Users/zhuli/Front-End-Demo/src/pages/sell/form/index.js","statementMap":{"0":{"start":{"line":7,"column":36},"end":{"line":16,"column":3}},"1":{"start":{"line":8,"column":26},"end":{"line":8,"column":51}},"2":{"start":{"line":18,"column":2},"end":{"line":26,"column":8}},"3":{"start":{"line":19,"column":4},"end":{"line":25,"column":5}},"4":{"start":{"line":20,"column":48},"end":{"line":20,"column":59}},"5":{"start":{"line":21,"column":6},"end":{"line":21,"column":31}},"6":{"start":{"line":22,"column":6},"end":{"line":24,"column":8}},"7":{"start":{"line":34,"column":27},"end":{"line":34,"column":32}},"8":{"start":{"line":36,"column":23},"end":{"line":39,"column":3}},"9":{"start":{"line":37,"column":28},"end":{"line":37,"column":36}},"10":{"start":{"line":38,"column":4},"end":{"line":38,"column":36}},"11":{"start":{"line":41,"column":2},"end":{"line":113,"column":4}},"12":{"start":{"line":105,"column":10},"end":{"line":105,"column":40}},"13":{"start":{"line":106,"column":10},"end":{"line":106,"column":28}}},"fnMap":{"0":{"name":"SellForm","decl":{"start":{"line":6,"column":24},"end":{"line":6,"column":32}},"loc":{"start":{"line":6,"column":81},"end":{"line":114,"column":1}},"line":6},"1":{"name":"(anonymous_1)","decl":{"start":{"line":8,"column":4},"end":{"line":8,"column":5}},"loc":{"start":{"line":8,"column":26},"end":{"line":8,"column":51}},"line":8},"2":{"name":"(anonymous_2)","decl":{"start":{"line":18,"column":12},"end":{"line":18,"column":13}},"loc":{"start":{"line":18,"column":18},"end":{"line":26,"column":3}},"line":18},"3":{"name":"(anonymous_3)","decl":{"start":{"line":36,"column":23},"end":{"line":36,"column":24}},"loc":{"start":{"line":36,"column":28},"end":{"line":39,"column":3}},"line":36},"4":{"name":"(anonymous_4)","decl":{"start":{"line":104,"column":17},"end":{"line":104,"column":18}},"loc":{"start":{"line":104,"column":29},"end":{"line":107,"column":9}},"line":104}},"branchMap":{"0":{"loc":{"start":{"line":19,"column":4},"end":{"line":25,"column":5}},"type":"if","locations":[{"start":{"line":19,"column":4},"end":{"line":25,"column":5}},{"start":{"line":19,"column":4},"end":{"line":25,"column":5}}],"line":19}},"s":{"0":108,"1":127,"2":108,"3":7,"4":1,"5":1,"6":1,"7":108,"8":108,"9":95,"10":95,"11":108,"12":5,"13":5},"f":{"0":108,"1":127,"2":7,"3":95,"4":5},"b":{"0":[1,6]},"_coverageSchema":"1a1c01bbd47fc00a2c39e90264f33305004495a9","hash":"804d48be9e5cb57c5ba476a99ef48e8da5b0295b"}
,"/Users/zhuli/Front-End-Demo/src/pages/sell/uploadImage/index.js": {"path":"/Users/zhuli/Front-End-Demo/src/pages/sell/uploadImage/index.js","statementMap":{"0":{"start":{"line":5,"column":2},"end":{"line":5,"column":36}},"1":{"start":{"line":6,"column":2},"end":{"line":20,"column":4}}},"fnMap":{"0":{"name":"uploadImage","decl":{"start":{"line":4,"column":9},"end":{"line":4,"column":20}},"loc":{"start":{"line":4,"column":79},"end":{"line":21,"column":1}},"line":4}},"branchMap":{},"s":{"0":6,"1":6},"f":{"0":6},"b":{},"_coverageSchema":"1a1c01bbd47fc00a2c39e90264f33305004495a9","hash":"9ea9b12ca0d016f03c1a04fcb088bcd8a7e8c257"}
}
