TN:
SF:src/App.js
FN:30,App
FN:43,(anonymous_1)
FN:47,(anonymous_2)
FN:115,(anonymous_3)
FN:116,(anonymous_4)
FN:159,(anonymous_5)
FN:194,(anonymous_6)
FN:247,(anonymous_7)
FN:250,(anonymous_8)
FN:283,(anonymous_9)
FNF:10
FNH:10
FNDA:99,App
FNDA:33,(anonymous_1)
FNDA:3,(anonymous_2)
FNDA:21,(anonymous_3)
FNDA:21,(anonymous_4)
FNDA:34,(anonymous_5)
FNDA:1,(anonymous_6)
FNDA:6,(anonymous_7)
FNDA:1,(anonymous_8)
FNDA:44,(anonymous_9)
DA:31,99
DA:32,99
DA:33,99
DA:34,98
DA:35,98
DA:36,98
DA:37,98
DA:38,98
DA:39,98
DA:40,98
DA:41,98
DA:43,98
DA:44,33
DA:47,98
DA:67,3
DA:115,98
DA:116,21
DA:117,21
DA:118,19
DA:119,19
DA:122,21
DA:159,98
DA:160,34
DA:161,1
DA:169,98
DA:195,1
DA:248,6
DA:284,44
LF:28
LH:28
BRDA:117,0,0,19
BRDA:117,0,1,2
BRDA:160,1,0,1
BRDA:160,1,1,33
BRDA:171,2,0,98
BRDA:171,2,1,77
BRDA:187,3,0,56
BRDA:187,3,1,42
BRDA:189,4,0,98
BRDA:189,4,1,56
BRDA:211,5,0,56
BRDA:211,5,1,50
BRDA:234,6,0,77
BRDA:234,6,1,21
BRDA:246,7,0,77
BRDA:246,7,1,21
BRF:16
BRH:16
end_of_record
TN:
SF:src/pages/Listings/index.js
FN:15,Listings
FNF:1
FNH:1
FNDA:2,Listings
DA:16,2
DA:17,2
DA:18,2
DA:19,2
DA:20,2
DA:21,2
DA:22,2
DA:23,2
DA:24,2
DA:56,2
LF:10
LH:10
BRF:0
BRH:0
end_of_record
TN:
SF:src/pages/Orders/index.js
FN:15,Listings
FNF:1
FNH:1
FNDA:1,Listings
DA:16,1
DA:17,1
DA:18,1
DA:19,1
DA:20,1
DA:21,1
DA:46,1
LF:7
LH:7
BRF:0
BRH:0
end_of_record
TN:
SF:src/pages/homepage/index.js
FN:7,Home
FN:10,(anonymous_1)
FN:14,(anonymous_2)
FN:50,(anonymous_3)
FNF:4
FNH:4
FNDA:62,Home
FNDA:20,(anonymous_1)
FNDA:8,(anonymous_2)
FNDA:21,(anonymous_3)
DA:8,62
DA:9,62
DA:10,62
DA:11,20
DA:14,62
DA:18,8
DA:39,8
DA:50,62
DA:51,21
DA:52,1
DA:56,62
LF:11
LH:11
BRDA:51,0,0,1
BRDA:51,0,1,20
BRF:2
BRH:2
end_of_record
TN:
SF:src/pages/profile/index.js
FN:7,(anonymous_0)
FN:39,(anonymous_1)
FN:81,(anonymous_2)
FNF:3
FNH:3
FNDA:2,(anonymous_0)
FNDA:1,(anonymous_1)
FNDA:10,(anonymous_2)
DA:7,1
DA:8,2
DA:9,2
DA:10,2
DA:11,2
DA:39,2
DA:40,1
DA:54,2
DA:55,2
DA:77,2
DA:82,10
LF:11
LH:11
BRF:0
BRH:0
end_of_record
TN:
SF:src/pages/results/index.js
FN:9,Results
FN:16,(anonymous_1)
FNF:2
FNH:2
FNDA:52,Results
FNDA:8,(anonymous_1)
DA:10,52
DA:11,52
DA:12,52
DA:16,52
DA:17,8
DA:22,52
LF:6
LH:6
BRF:0
BRH:0
end_of_record
TN:
SF:src/pages/sell/index.js
FN:11,(anonymous_0)
FN:43,(anonymous_1)
FN:62,(anonymous_2)
FN:66,(anonymous_3)
FN:84,(anonymous_4)
FN:90,(anonymous_5)
FN:103,(anonymous_6)
FN:133,(anonymous_7)
FNF:8
FNH:8
FNDA:6,(anonymous_0)
FNDA:1,(anonymous_1)
FNDA:1,(anonymous_2)
FNDA:11,(anonymous_3)
FNDA:5,(anonymous_4)
FNDA:21,(anonymous_5)
FNDA:21,(anonymous_6)
FNDA:21,(anonymous_7)
DA:12,6
DA:13,6
DA:43,6
DA:59,1
DA:62,6
DA:63,1
DA:66,6
DA:67,11
DA:68,11
DA:69,5
DA:70,5
DA:72,1
DA:73,4
DA:75,1
DA:76,1
DA:79,9
DA:84,6
DA:85,5
DA:90,6
DA:91,21
DA:92,21
DA:93,21
DA:94,6
DA:95,15
DA:96,12
DA:98,3
DA:100,21
DA:103,6
DA:104,21
DA:105,21
DA:106,6
DA:114,15
DA:115,12
DA:123,3
DA:134,21
DA:135,21
DA:136,21
LF:37
LH:37
BRDA:68,0,0,5
BRDA:68,0,1,6
BRDA:70,1,0,1
BRDA:70,1,1,4
BRDA:70,2,0,5
BRDA:70,2,1,5
BRDA:73,3,0,1
BRDA:73,3,1,3
BRDA:93,4,0,6
BRDA:93,4,1,15
BRDA:95,5,0,12
BRDA:95,5,1,3
BRDA:105,6,0,6
BRDA:105,6,1,15
BRDA:114,7,0,12
BRDA:114,7,1,3
BRF:16
BRH:16
end_of_record
TN:
SF:src/pages/sell/confirmation/index.js
FN:4,(anonymous_0)
FN:27,(anonymous_1)
FNF:2
FNH:2
FNDA:3,(anonymous_0)
FNDA:12,(anonymous_1)
DA:4,1
DA:5,3
DA:6,3
DA:24,3
DA:28,12
LF:5
LH:5
BRF:0
BRH:0
end_of_record
TN:
SF:src/pages/sell/form/index.js
FN:6,SellForm
FN:8,(anonymous_1)
FN:18,(anonymous_2)
FN:36,(anonymous_3)
FN:104,(anonymous_4)
FNF:5
FNH:5
FNDA:108,SellForm
FNDA:127,(anonymous_1)
FNDA:7,(anonymous_2)
FNDA:95,(anonymous_3)
FNDA:5,(anonymous_4)
DA:7,108
DA:8,127
DA:18,108
DA:19,7
DA:20,1
DA:21,1
DA:22,1
DA:34,108
DA:36,108
DA:37,95
DA:38,95
DA:41,108
DA:105,5
DA:106,5
LF:14
LH:14
BRDA:19,0,0,1
BRDA:19,0,1,6
BRF:2
BRH:2
end_of_record
TN:
SF:src/pages/sell/uploadImage/index.js
FN:4,uploadImage
FNF:1
FNH:1
FNDA:6,uploadImage
DA:5,6
DA:6,6
LF:2
LH:2
BRF:0
BRH:0
end_of_record
